Not searching for unused variables given on the command line.
[36m--[0m The C compiler identification is GNU 5.4.0
[36m--[0m The CXX compiler identification is GNU 5.4.0
[36m--[0m Check for working C compiler: /usr/bin/cc
[36m--[0m Check for working C compiler: /usr/bin/cc -- works
[36m--[0m Detecting C compiler ABI info
[36m--[0m Detecting C compiler ABI info - done
[36m--[0m Detecting C compile features
[36m--[0m Detecting C compile features - done
[36m--[0m Check for working CXX compiler: /usr/bin/c++
[36m--[0m Check for working CXX compiler: /usr/bin/c++ -- works
[36m--[0m Detecting CXX compiler ABI info
[36m--[0m Detecting CXX compiler ABI info - done
[36m--[0m Detecting CXX compile features
[36m--[0m Detecting CXX compile features - done
[36m--[0m Using CATKIN_DEVEL_PREFIX: /home/lucas/bebop_ws/devel/.private/bebop_driver
[36m--[0m Using CMAKE_PREFIX_PATH: /home/lucas/bebop_ws/devel;/home/lucas/catkin_ws_bebop/devel;/home/lucas/catkin_ws/devel;/opt/ros/lunar
[36m--[0m This workspace overlays: /home/lucas/bebop_ws/devel;/home/lucas/catkin_ws_bebop/devel;/home/lucas/catkin_ws/devel;/opt/ros/lunar
[36m--[0m Found PythonInterp: /usr/bin/python (found version "2.7.12")
[36m--[0m Using PYTHON_EXECUTABLE: /usr/bin/python
[36m--[0m Using Debian Python package layout
[36m--[0m Using empy: /usr/bin/empy
[36m--[0m Using CATKIN_ENABLE_TESTING: ON
[36m--[0m Call enable_testing()
[36m--[0m Using CATKIN_TEST_RESULTS_DIR: /home/lucas/bebop_ws/build/bebop_driver/test_results
[36m--[0m Found gmock sources under '/usr/src/gmock': gmock will be built
[36m--[0m Looking for pthread.h
[36m--[0m Looking for pthread.h - found
[36m--[0m Looking for pthread_create
[36m--[0m Looking for pthread_create - not found
[36m--[0m Looking for pthread_create in pthreads
[36m--[0m Looking for pthread_create in pthreads - not found
[36m--[0m Looking for pthread_create in pthread
[36m--[0m Looking for pthread_create in pthread - found
[36m--[0m Found Threads: TRUE
[36m--[0m Found gtest sources under '/usr/src/gmock': gtests will be built
[36m--[0m Using Python nosetests: /usr/bin/nosetests-2.7
[36m--[0m catkin 0.7.14
[36m--[0m Using these message generators: gencpp;geneus;genlisp;gennodejs;genpy
[36m--[0m Catkin INCLUE_DIR: /home/lucas/bebop_ws/devel/.private/bebop_msgs/include;/opt/ros/lunar/include;/opt/ros/lunar/share/xmlrpcpp/cmake/../../../include/xmlrpcpp;/usr/include;/usr/include/eigen3
[36m--[0m Catkin LIBS: /opt/ros/lunar/lib/libnodeletlib.so;/usr/lib/x86_64-linux-gnu/libuuid.so;/opt/ros/lunar/lib/libbondcpp.so;/opt/ros/lunar/lib/libcamera_info_manager.so;/opt/ros/lunar/lib/libcamera_calibration_parsers.so;/opt/ros/lunar/lib/libimage_transport.so;/opt/ros/lunar/lib/libclass_loader.so;/usr/lib/libPocoFoundation.so;/usr/lib/x86_64-linux-gnu/libdl.so;/opt/ros/lunar/lib/libroslib.so;/opt/ros/lunar/lib/librospack.so;/usr/lib/x86_64-linux-gnu/libpython2.7.so;/usr/lib/x86_64-linux-gnu/libboost_program_options.so;/usr/lib/x86_64-linux-gnu/libtinyxml2.so;/opt/ros/lunar/lib/liborocos-kdl.so;/opt/ros/lunar/lib/liborocos-kdl.so.1.3.0;/opt/ros/lunar/lib/libtf2_ros.so;/opt/ros/lunar/lib/libactionlib.so;/opt/ros/lunar/lib/libmessage_filters.so;/opt/ros/lunar/lib/libroscpp.so;/usr/lib/x86_64-linux-gnu/libboost_filesystem.so;/usr/lib/x86_64-linux-gnu/libboost_signals.so;/opt/ros/lunar/lib/librosconsole.so;/opt/ros/lunar/lib/librosconsole_log4cxx.so;/opt/ros/lunar/lib/librosconsole_backend_interface.so;/usr/lib/x86_64-linux-gnu/liblog4cxx.so;/usr/lib/x86_64-linux-gnu/libboost_regex.so;/opt/ros/lunar/lib/libxmlrpcpp.so;/opt/ros/lunar/lib/libtf2.so;/opt/ros/lunar/lib/libdynamic_reconfigure_config_init_mutex.so;/opt/ros/lunar/lib/libroscpp_serialization.so;/opt/ros/lunar/lib/librostime.so;/opt/ros/lunar/lib/libcpp_common.so;/usr/lib/x86_64-linux-gnu/libboost_system.so;/usr/lib/x86_64-linux-gnu/libboost_thread.so;/usr/lib/x86_64-linux-gnu/libboost_chrono.so;/usr/lib/x86_64-linux-gnu/libboost_date_time.so;/usr/lib/x86_64-linux-gnu/libboost_atomic.so;/usr/lib/x86_64-linux-gnu/libpthread.so;/usr/lib/x86_64-linux-gnu/libconsole_bridge.so
[36m--[0m ARSDK3 INCLUDE_DIR: /opt/ros/lunar/include/parrot_arsdk
[36m--[0m ARSDK3 LIB_DIR: /opt/ros/lunar/lib/parrot_arsdk
[36m--[0m ARSDK3 LIBS: arcommands;arcontroller;ardatatransfer;ardiscovery;armavlink;armedia;arnetworkal;arnetwork;arsal;arstream2;arstream;arupdater;arutils
[36m--[0m Found PkgConfig: /usr/bin/pkg-config (found version "0.29.1")
[36m--[0m Checking for module 'libavcodec'
[36m--[0m   Found libavcodec, version 56.60.100
[36m--[0m Checking for module 'libavformat'
[36m--[0m   Found libavformat, version 56.40.101
[36m--[0m Checking for module 'libswscale'
[36m--[0m   Found libswscale, version 3.1.101
[33m[1mCMake Warning[0m at /opt/ros/lunar/share/catkin/cmake/catkin_package.cmake:166 (message):
  catkin_package() DEPENDS on 'system_lib' but neither
  'system_lib_INCLUDE_DIRS' nor 'system_lib_LIBRARIES' is defined.
[36mCall Stack (most recent call first):[0m
  /opt/ros/lunar/share/catkin/cmake/catkin_package.cmake:102 (_catkin_package)
  CMakeLists.txt:40 (catkin_package)


[33m[1mCMake Warning[0m at /opt/ros/lunar/share/catkin/cmake/catkin_package.cmake:166 (message):
  catkin_package() DEPENDS on 'libavcodec' but neither
  'libavcodec_INCLUDE_DIRS' nor 'libavcodec_LIBRARIES' is defined.
[36mCall Stack (most recent call first):[0m
  /opt/ros/lunar/share/catkin/cmake/catkin_package.cmake:102 (_catkin_package)
  CMakeLists.txt:40 (catkin_package)


[33m[1mCMake Warning[0m at /opt/ros/lunar/share/catkin/cmake/catkin_package.cmake:166 (message):
  catkin_package() DEPENDS on 'libavformat' but neither
  'libavformat_INCLUDE_DIRS' nor 'libavformat_LIBRARIES' is defined.
[36mCall Stack (most recent call first):[0m
  /opt/ros/lunar/share/catkin/cmake/catkin_package.cmake:102 (_catkin_package)
  CMakeLists.txt:40 (catkin_package)


[33m[1mCMake Warning[0m at /opt/ros/lunar/share/catkin/cmake/catkin_package.cmake:166 (message):
  catkin_package() DEPENDS on 'libswscale' but neither
  'libswscale_INCLUDE_DIRS' nor 'libswscale_LIBRARIES' is defined.
[36mCall Stack (most recent call first):[0m
  /opt/ros/lunar/share/catkin/cmake/catkin_package.cmake:102 (_catkin_package)
  CMakeLists.txt:40 (catkin_package)


[36m--[0m Configuring done
[36m--[0m Generating done
[36m--[0m Build files have been written to: /home/lucas/bebop_ws/build/bebop_driver
