Determining if the pthread_create exist failed with the following output:
Change Dir: /home/lucas/bebop_ws/build/bebop_msgs/CMakeFiles/CMakeTmp

Run Build Command:"/usr/bin/make" "cmTC_24a26/fast"
/usr/bin/make -f CMakeFiles/cmTC_24a26.dir/build.make CMakeFiles/cmTC_24a26.dir/build
make[1]: Entering directory '/home/lucas/bebop_ws/build/bebop_msgs/CMakeFiles/CMakeTmp'
Building C object CMakeFiles/cmTC_24a26.dir/CheckSymbolExists.c.o
/usr/bin/cc     -o CMakeFiles/cmTC_24a26.dir/CheckSymbolExists.c.o   -c /home/lucas/bebop_ws/build/bebop_msgs/CMakeFiles/CMakeTmp/CheckSymbolExists.c
Linking C executable cmTC_24a26
/usr/bin/cmake -E cmake_link_script CMakeFiles/cmTC_24a26.dir/link.txt --verbose=1
/usr/bin/cc       CMakeFiles/cmTC_24a26.dir/CheckSymbolExists.c.o  -o cmTC_24a26 -rdynamic 
CMakeFiles/cmTC_24a26.dir/CheckSymbolExists.c.o: In function `main':
CheckSymbolExists.c:(.text+0x16): undefined reference to `pthread_create'
collect2: error: ld returned 1 exit status
CMakeFiles/cmTC_24a26.dir/build.make:97: recipe for target 'cmTC_24a26' failed
make[1]: *** [cmTC_24a26] Error 1
make[1]: Leaving directory '/home/lucas/bebop_ws/build/bebop_msgs/CMakeFiles/CMakeTmp'
Makefile:126: recipe for target 'cmTC_24a26/fast' failed
make: *** [cmTC_24a26/fast] Error 2

File /home/lucas/bebop_ws/build/bebop_msgs/CMakeFiles/CMakeTmp/CheckSymbolExists.c:
/* */
#include <pthread.h>

int main(int argc, char** argv)
{
  (void)argv;
#ifndef pthread_create
  return ((int*)(&pthread_create))[argc];
#else
  (void)argc;
  return 0;
#endif
}

Determining if the function pthread_create exists in the pthreads failed with the following output:
Change Dir: /home/lucas/bebop_ws/build/bebop_msgs/CMakeFiles/CMakeTmp

Run Build Command:"/usr/bin/make" "cmTC_a62b0/fast"
/usr/bin/make -f CMakeFiles/cmTC_a62b0.dir/build.make CMakeFiles/cmTC_a62b0.dir/build
make[1]: Entering directory '/home/lucas/bebop_ws/build/bebop_msgs/CMakeFiles/CMakeTmp'
Building C object CMakeFiles/cmTC_a62b0.dir/CheckFunctionExists.c.o
/usr/bin/cc    -DCHECK_FUNCTION_EXISTS=pthread_create   -o CMakeFiles/cmTC_a62b0.dir/CheckFunctionExists.c.o   -c /usr/share/cmake-3.5/Modules/CheckFunctionExists.c
Linking C executable cmTC_a62b0
/usr/bin/cmake -E cmake_link_script CMakeFiles/cmTC_a62b0.dir/link.txt --verbose=1
/usr/bin/cc   -DCHECK_FUNCTION_EXISTS=pthread_create    CMakeFiles/cmTC_a62b0.dir/CheckFunctionExists.c.o  -o cmTC_a62b0 -rdynamic -lpthreads 
/usr/bin/ld: cannot find -lpthreads
collect2: error: ld returned 1 exit status
CMakeFiles/cmTC_a62b0.dir/build.make:97: recipe for target 'cmTC_a62b0' failed
make[1]: *** [cmTC_a62b0] Error 1
make[1]: Leaving directory '/home/lucas/bebop_ws/build/bebop_msgs/CMakeFiles/CMakeTmp'
Makefile:126: recipe for target 'cmTC_a62b0/fast' failed
make: *** [cmTC_a62b0/fast] Error 2


