Determining if the pthread_create exist failed with the following output:
Change Dir: /home/lucas/bebop_ws/build/catkin_tools_prebuild/CMakeFiles/CMakeTmp

Run Build Command:"/usr/bin/make" "cmTC_f43df/fast"
/usr/bin/make -f CMakeFiles/cmTC_f43df.dir/build.make CMakeFiles/cmTC_f43df.dir/build
make[1]: Entering directory '/home/lucas/bebop_ws/build/catkin_tools_prebuild/CMakeFiles/CMakeTmp'
Building C object CMakeFiles/cmTC_f43df.dir/CheckSymbolExists.c.o
/usr/bin/cc     -o CMakeFiles/cmTC_f43df.dir/CheckSymbolExists.c.o   -c /home/lucas/bebop_ws/build/catkin_tools_prebuild/CMakeFiles/CMakeTmp/CheckSymbolExists.c
Linking C executable cmTC_f43df
/usr/bin/cmake -E cmake_link_script CMakeFiles/cmTC_f43df.dir/link.txt --verbose=1
/usr/bin/cc       CMakeFiles/cmTC_f43df.dir/CheckSymbolExists.c.o  -o cmTC_f43df -rdynamic 
CMakeFiles/cmTC_f43df.dir/CheckSymbolExists.c.o: In function `main':
CheckSymbolExists.c:(.text+0x16): undefined reference to `pthread_create'
collect2: error: ld returned 1 exit status
CMakeFiles/cmTC_f43df.dir/build.make:97: recipe for target 'cmTC_f43df' failed
make[1]: *** [cmTC_f43df] Error 1
make[1]: Leaving directory '/home/lucas/bebop_ws/build/catkin_tools_prebuild/CMakeFiles/CMakeTmp'
Makefile:126: recipe for target 'cmTC_f43df/fast' failed
make: *** [cmTC_f43df/fast] Error 2

File /home/lucas/bebop_ws/build/catkin_tools_prebuild/CMakeFiles/CMakeTmp/CheckSymbolExists.c:
/* */
#include <pthread.h>

int main(int argc, char** argv)
{
  (void)argv;
#ifndef pthread_create
  return ((int*)(&pthread_create))[argc];
#else
  (void)argc;
  return 0;
#endif
}

Determining if the function pthread_create exists in the pthreads failed with the following output:
Change Dir: /home/lucas/bebop_ws/build/catkin_tools_prebuild/CMakeFiles/CMakeTmp

Run Build Command:"/usr/bin/make" "cmTC_20ad7/fast"
/usr/bin/make -f CMakeFiles/cmTC_20ad7.dir/build.make CMakeFiles/cmTC_20ad7.dir/build
make[1]: Entering directory '/home/lucas/bebop_ws/build/catkin_tools_prebuild/CMakeFiles/CMakeTmp'
Building C object CMakeFiles/cmTC_20ad7.dir/CheckFunctionExists.c.o
/usr/bin/cc    -DCHECK_FUNCTION_EXISTS=pthread_create   -o CMakeFiles/cmTC_20ad7.dir/CheckFunctionExists.c.o   -c /usr/share/cmake-3.5/Modules/CheckFunctionExists.c
Linking C executable cmTC_20ad7
/usr/bin/cmake -E cmake_link_script CMakeFiles/cmTC_20ad7.dir/link.txt --verbose=1
/usr/bin/cc   -DCHECK_FUNCTION_EXISTS=pthread_create    CMakeFiles/cmTC_20ad7.dir/CheckFunctionExists.c.o  -o cmTC_20ad7 -rdynamic -lpthreads 
/usr/bin/ld: cannot find -lpthreads
collect2: error: ld returned 1 exit status
CMakeFiles/cmTC_20ad7.dir/build.make:97: recipe for target 'cmTC_20ad7' failed
make[1]: *** [cmTC_20ad7] Error 1
make[1]: Leaving directory '/home/lucas/bebop_ws/build/catkin_tools_prebuild/CMakeFiles/CMakeTmp'
Makefile:126: recipe for target 'cmTC_20ad7/fast' failed
make: *** [cmTC_20ad7/fast] Error 2


