[33m[1mCMake Warning[0m at /opt/ros/lunar/share/catkin/cmake/catkinConfig.cmake:76 (find_package):
  Could not find a package configuration file provided by "opencv2" with any
  of the following names:

    opencv2Config.cmake
    opencv2-config.cmake

  Add the installation prefix of "opencv2" to CMAKE_PREFIX_PATH or set
  "opencv2_DIR" to a directory containing one of the above files.  If
  "opencv2" provides a separate development package or SDK, be sure it has
  been installed.
[36mCall Stack (most recent call first):[0m
  CMakeLists.txt:10 (find_package)


[31m[1mCMake Error[0m at /opt/ros/lunar/share/catkin/cmake/catkinConfig.cmake:83 (find_package):
  Could not find a package configuration file provided by "opencv2" with any
  of the following names:

    opencv2Config.cmake
    opencv2-config.cmake

  Add the installation prefix of "opencv2" to CMAKE_PREFIX_PATH or set
  "opencv2_DIR" to a directory containing one of the above files.  If
  "opencv2" provides a separate development package or SDK, be sure it has
  been installed.
[36mCall Stack (most recent call first):[0m
  CMakeLists.txt:10 (find_package)


