Determining if the pthread_create exist failed with the following output:
Change Dir: /home/lucas/bebop_ws/build/bebopcontrol/CMakeFiles/CMakeTmp

Run Build Command:"/usr/bin/make" "cmTC_ab496/fast"
/usr/bin/make -f CMakeFiles/cmTC_ab496.dir/build.make CMakeFiles/cmTC_ab496.dir/build
make[1]: Entering directory '/home/lucas/bebop_ws/build/bebopcontrol/CMakeFiles/CMakeTmp'
Building C object CMakeFiles/cmTC_ab496.dir/CheckSymbolExists.c.o
/usr/bin/cc     -o CMakeFiles/cmTC_ab496.dir/CheckSymbolExists.c.o   -c /home/lucas/bebop_ws/build/bebopcontrol/CMakeFiles/CMakeTmp/CheckSymbolExists.c
Linking C executable cmTC_ab496
/usr/bin/cmake -E cmake_link_script CMakeFiles/cmTC_ab496.dir/link.txt --verbose=1
/usr/bin/cc       CMakeFiles/cmTC_ab496.dir/CheckSymbolExists.c.o  -o cmTC_ab496 -rdynamic 
CMakeFiles/cmTC_ab496.dir/CheckSymbolExists.c.o: In function `main':
CheckSymbolExists.c:(.text+0x16): undefined reference to `pthread_create'
collect2: error: ld returned 1 exit status
CMakeFiles/cmTC_ab496.dir/build.make:97: recipe for target 'cmTC_ab496' failed
make[1]: *** [cmTC_ab496] Error 1
make[1]: Leaving directory '/home/lucas/bebop_ws/build/bebopcontrol/CMakeFiles/CMakeTmp'
Makefile:126: recipe for target 'cmTC_ab496/fast' failed
make: *** [cmTC_ab496/fast] Error 2

File /home/lucas/bebop_ws/build/bebopcontrol/CMakeFiles/CMakeTmp/CheckSymbolExists.c:
/* */
#include <pthread.h>

int main(int argc, char** argv)
{
  (void)argv;
#ifndef pthread_create
  return ((int*)(&pthread_create))[argc];
#else
  (void)argc;
  return 0;
#endif
}

Determining if the function pthread_create exists in the pthreads failed with the following output:
Change Dir: /home/lucas/bebop_ws/build/bebopcontrol/CMakeFiles/CMakeTmp

Run Build Command:"/usr/bin/make" "cmTC_14d68/fast"
/usr/bin/make -f CMakeFiles/cmTC_14d68.dir/build.make CMakeFiles/cmTC_14d68.dir/build
make[1]: Entering directory '/home/lucas/bebop_ws/build/bebopcontrol/CMakeFiles/CMakeTmp'
Building C object CMakeFiles/cmTC_14d68.dir/CheckFunctionExists.c.o
/usr/bin/cc    -DCHECK_FUNCTION_EXISTS=pthread_create   -o CMakeFiles/cmTC_14d68.dir/CheckFunctionExists.c.o   -c /usr/share/cmake-3.5/Modules/CheckFunctionExists.c
Linking C executable cmTC_14d68
/usr/bin/cmake -E cmake_link_script CMakeFiles/cmTC_14d68.dir/link.txt --verbose=1
/usr/bin/cc   -DCHECK_FUNCTION_EXISTS=pthread_create    CMakeFiles/cmTC_14d68.dir/CheckFunctionExists.c.o  -o cmTC_14d68 -rdynamic -lpthreads 
/usr/bin/ld: cannot find -lpthreads
collect2: error: ld returned 1 exit status
CMakeFiles/cmTC_14d68.dir/build.make:97: recipe for target 'cmTC_14d68' failed
make[1]: *** [cmTC_14d68] Error 1
make[1]: Leaving directory '/home/lucas/bebop_ws/build/bebopcontrol/CMakeFiles/CMakeTmp'
Makefile:126: recipe for target 'cmTC_14d68/fast' failed
make: *** [cmTC_14d68/fast] Error 2


