Determining if the pthread_create exist failed with the following output:
Change Dir: /home/lucas/bebop_ws/build/bebop_tools/CMakeFiles/CMakeTmp

Run Build Command:"/usr/bin/make" "cmTC_debd1/fast"
/usr/bin/make -f CMakeFiles/cmTC_debd1.dir/build.make CMakeFiles/cmTC_debd1.dir/build
make[1]: Entering directory '/home/lucas/bebop_ws/build/bebop_tools/CMakeFiles/CMakeTmp'
Building C object CMakeFiles/cmTC_debd1.dir/CheckSymbolExists.c.o
/usr/bin/cc     -o CMakeFiles/cmTC_debd1.dir/CheckSymbolExists.c.o   -c /home/lucas/bebop_ws/build/bebop_tools/CMakeFiles/CMakeTmp/CheckSymbolExists.c
Linking C executable cmTC_debd1
/usr/bin/cmake -E cmake_link_script CMakeFiles/cmTC_debd1.dir/link.txt --verbose=1
/usr/bin/cc       CMakeFiles/cmTC_debd1.dir/CheckSymbolExists.c.o  -o cmTC_debd1 -rdynamic 
CMakeFiles/cmTC_debd1.dir/CheckSymbolExists.c.o: In function `main':
CheckSymbolExists.c:(.text+0x16): undefined reference to `pthread_create'
collect2: error: ld returned 1 exit status
CMakeFiles/cmTC_debd1.dir/build.make:97: recipe for target 'cmTC_debd1' failed
make[1]: *** [cmTC_debd1] Error 1
make[1]: Leaving directory '/home/lucas/bebop_ws/build/bebop_tools/CMakeFiles/CMakeTmp'
Makefile:126: recipe for target 'cmTC_debd1/fast' failed
make: *** [cmTC_debd1/fast] Error 2

File /home/lucas/bebop_ws/build/bebop_tools/CMakeFiles/CMakeTmp/CheckSymbolExists.c:
/* */
#include <pthread.h>

int main(int argc, char** argv)
{
  (void)argv;
#ifndef pthread_create
  return ((int*)(&pthread_create))[argc];
#else
  (void)argc;
  return 0;
#endif
}

Determining if the function pthread_create exists in the pthreads failed with the following output:
Change Dir: /home/lucas/bebop_ws/build/bebop_tools/CMakeFiles/CMakeTmp

Run Build Command:"/usr/bin/make" "cmTC_35add/fast"
/usr/bin/make -f CMakeFiles/cmTC_35add.dir/build.make CMakeFiles/cmTC_35add.dir/build
make[1]: Entering directory '/home/lucas/bebop_ws/build/bebop_tools/CMakeFiles/CMakeTmp'
Building C object CMakeFiles/cmTC_35add.dir/CheckFunctionExists.c.o
/usr/bin/cc    -DCHECK_FUNCTION_EXISTS=pthread_create   -o CMakeFiles/cmTC_35add.dir/CheckFunctionExists.c.o   -c /usr/share/cmake-3.5/Modules/CheckFunctionExists.c
Linking C executable cmTC_35add
/usr/bin/cmake -E cmake_link_script CMakeFiles/cmTC_35add.dir/link.txt --verbose=1
/usr/bin/cc   -DCHECK_FUNCTION_EXISTS=pthread_create    CMakeFiles/cmTC_35add.dir/CheckFunctionExists.c.o  -o cmTC_35add -rdynamic -lpthreads 
/usr/bin/ld: cannot find -lpthreads
collect2: error: ld returned 1 exit status
CMakeFiles/cmTC_35add.dir/build.make:97: recipe for target 'cmTC_35add' failed
make[1]: *** [cmTC_35add] Error 1
make[1]: Leaving directory '/home/lucas/bebop_ws/build/bebop_tools/CMakeFiles/CMakeTmp'
Makefile:126: recipe for target 'cmTC_35add/fast' failed
make: *** [cmTC_35add/fast] Error 2


